forths.s:321: Error: Syntax error
forths.s:103: Note: Macro was defined here
forths.s:90: Note: Macro was defined here
forths.s:321: Error: Unexpected trailing garbage characters
forths.s:103: Note: Macro was defined here
forths.s:90: Note: Macro was defined here
forths.s:457: Error: Range error (-1 not in [0..255])
forths.s:505: Error: Argument of .IDENT is not a valid identifier
forths.s:97: Note: Macro was defined here
forths.s:90: Note: Macro was defined here
forths.s:505: Error: Argument of .IDENT is not a valid identifier
forths.s:103: Note: Macro was defined here
forths.s:90: Note: Macro was defined here
forths.s:513: Error: Argument of .IDENT is not a valid identifier
forths.s:97: Note: Macro was defined here
forths.s:90: Note: Macro was defined here
forths.s:513: Error: Argument of .IDENT is not a valid identifier
forths.s:103: Note: Macro was defined here
forths.s:90: Note: Macro was defined here
forths.s:521: Error: Argument of .IDENT is not a valid identifier
forths.s:97: Note: Macro was defined here
forths.s:90: Note: Macro was defined here
forths.s:521: Error: Argument of .IDENT is not a valid identifier
forths.s:103: Note: Macro was defined here
forths.s:90: Note: Macro was defined here
forths.s:545: Error: Argument of .IDENT is not a valid identifier
forths.s:97: Note: Macro was defined here
forths.s:90: Note: Macro was defined here
forths.s:545: Error: Argument of .IDENT is not a valid identifier
forths.s:103: Note: Macro was defined here
forths.s:90: Note: Macro was defined here
forths.s:553: Error: Argument of .IDENT is not a valid identifier
forths.s:97: Note: Macro was defined here
forths.s:90: Note: Macro was defined here
forths.s:553: Error: Argument of .IDENT is not a valid identifier
forths.s:103: Note: Macro was defined here
forths.s:90: Note: Macro was defined here
forths.s:561: Error: Argument of .IDENT is not a valid identifier
forths.s:97: Note: Macro was defined here
forths.s:90: Note: Macro was defined here
forths.s:561: Error: Argument of .IDENT is not a valid identifier
forths.s:103: Note: Macro was defined here
forths.s:90: Note: Macro was defined here
forths.s:573: Error: Argument of .IDENT is not a valid identifier
forths.s:97: Note: Macro was defined here
forths.s:90: Note: Macro was defined here
forths.s:573: Error: Argument of .IDENT is not a valid identifier
forths.s:103: Note: Macro was defined here
forths.s:90: Note: Macro was defined here
forths.s:598: Error: Argument of .IDENT is not a valid identifier
forths.s:97: Note: Macro was defined here
forths.s:90: Note: Macro was defined here
forths.s:598: Error: Argument of .IDENT is not a valid identifier
forths.s:103: Note: Macro was defined here
forths.s:90: Note: Macro was defined here
forths.s:615: Error: Argument of .IDENT is not a valid identifier
forths.s:97: Note: Macro was defined here
forths.s:90: Note: Macro was defined here
forths.s:615: Error: Argument of .IDENT is not a valid identifier
forths.s:103: Note: Macro was defined here
forths.s:90: Note: Macro was defined here
